<?xml version="1.0" encoding="UTF-8"?>
<!-- Generated by org.testng.reporters.JUnitReportReporter -->
<testsuite skipped="0" hostname="DESKTOP-DOAQ9QI" name="tests.Google_Charger_Test" tests="1" failures="0" timestamp="11 Feb 2018 04:01:52 GMT" time="6.414" errors="0">
  <testcase name="searchTest" time="6.414" classname="tests.Google_Charger_Test"/>
</testsuite> <!-- tests.Google_Charger_Test -->
