<?xml version="1.0" encoding="UTF-8"?>
<!-- Generated by org.testng.reporters.JUnitReportReporter -->
<testsuite skipped="0" hostname="DESKTOP-DOAQ9QI" name="TestNGDemo" tests="2" failures="0" timestamp="11 Feb 2018 02:42:44 GMT" time="0.011" errors="0">
  <testcase name="firstTest" time="0.010" classname="TestNGDemo"/>
  <testcase name="secondtTest" time="0.001" classname="TestNGDemo"/>
</testsuite> <!-- TestNGDemo -->
