<?xml version="1.0" encoding="UTF-8"?>
<!-- Generated by org.testng.reporters.JUnitReportReporter -->
<testsuite hostname="DESKTOP-DOAQ9QI" failures="0" tests="1" name="tests.Google_Charger_Test" time="5.570" errors="0" timestamp="18 Feb 2018 06:15:00 GMT" skipped="0">
  <testcase classname="tests.Google_Charger_Test" name="searchTest" time="5.570"/>
</testsuite> <!-- tests.Google_Charger_Test -->
