<?xml version="1.0" encoding="UTF-8"?>
<!-- Generated by org.testng.reporters.JUnitReportReporter -->
<testsuite skipped="0" hostname="DESKTOP-DOAQ9QI" name="tests.EmailGeneratorTest" tests="1" failures="0" timestamp="11 Feb 2018 03:38:11 GMT" time="0.012" errors="0">
  <testcase name="emailMatchesTest" time="0.012" classname="tests.EmailGeneratorTest"/>
</testsuite> <!-- tests.EmailGeneratorTest -->
